
*** Starting uWSGI 2.0.18 (64bit) on [Mon May 13 09:23:47 2019] ***
compiled with version: 5.4.0 20160609 on 13 May 2019 01:52:52
os: Linux-4.15.0-47-generic #50~16.04.1-Ubuntu SMP Fri Mar 15 16:06:21 UTC 2019
nodename: hpclab
machine: x86_64
clock source: unix
pcre jit disabled
detected number of CPU cores: 12
current working directory: /home/ledinhtri/ledinhtri/DataAnnotationTool/serverconfig
detected binary path: /home/ledinhtri/ledinhtri/DataAnnotationTool/env/bin/uwsgi
chdir() to /home/ledinhtri/ledinhtri/DataAnnotationTool/DAT
your processes number limit is 124256
your memory page size is 4096 bytes
detected max file descriptor number: 1024
lock engine: pthread robust mutexes
thunder lock: enabled
uWSGI http bound on 8787 fd 6
uwsgi socket 0 bound to UNIX address /home/ledinhtri/ledinhtri/DataAnnotationTool/run/uwsgi.sock fd 9
Python version: 3.5.2 (default, Nov 12 2018, 13:43:14)  [GCC 5.4.0 20160609]
Set PythonHome to /home/ledinhtri/ledinhtri/DataAnnotationTool/env
*** Python threads support is disabled. You can enable it with --enable-threads ***
Python main interpreter initialized at 0x2171fd0
your server socket listen backlog is limited to 100 connections
your mercy for graceful operations on workers is 60 seconds
setting request body buffering size to 204800 bytes
mapped 1388600 bytes (1356 KB) for 4 cores
*** Operational MODE: preforking ***
WSGI app 0 (mountpoint='') ready in 1 seconds on interpreter 0x2171fd0 pid: 31970 (default app)
*** uWSGI is running in multiple interpreter mode ***
spawned uWSGI master process (pid: 31970)
spawned uWSGI worker 1 (pid: 31997, cores: 1)
spawned uWSGI worker 2 (pid: 31998, cores: 1)
spawned uWSGI worker 3 (pid: 31999, cores: 1)
spawned uWSGI worker 4 (pid: 32000, cores: 1)
spawned uWSGI http 1 (pid: 32001)
worker 1 lifetime reached, it was running for 301 second(s)
worker 2 lifetime reached, it was running for 301 second(s)
worker 3 lifetime reached, it was running for 301 second(s)
worker 4 lifetime reached, it was running for 301 second(s)
Respawned uWSGI worker 1 (new pid: 3531)
Respawned uWSGI worker 2 (new pid: 3532)
Respawned uWSGI worker 3 (new pid: 3533)
Respawned uWSGI worker 4 (new pid: 3534)
SIGINT/SIGQUIT received...killing workers...
gateway "uWSGI http 1" has been buried (pid: 32001)
worker 1 buried after 1 seconds
worker 2 buried after 1 seconds
worker 3 buried after 1 seconds
worker 4 buried after 1 seconds
goodbye to uWSGI.
VACUUM: unix socket /home/ledinhtri/ledinhtri/DataAnnotationTool/run/uwsgi.sock removed.
